This is pdfTeX, Version 3.14159265-2.6-1.40.18 (TeX Live 2017/Debian) (preloaded format=pdflatex 2019.2.21)  8 JUN 2020 10:10
entering extended mode
 restricted \write18 enabled.
 %&-line parsing enabled.
**warm.tex
(./warm.tex
LaTeX2e <2017-04-15>
Babel <3.18> and hyphenation patterns for 84 language(s) loaded.
(/usr/share/texlive/texmf-dist/tex/latex/base/report.cls
Document Class: report 2014/09/29 v1.4h Standard LaTeX document class
(/usr/share/texlive/texmf-dist/tex/latex/base/size10.clo
File: size10.clo 2014/09/29 v1.4h Standard LaTeX file (size option)
)
\c@part=\count79
\c@chapter=\count80
\c@section=\count81
\c@subsection=\count82
\c@subsubsection=\count83
\c@paragraph=\count84
\c@subparagraph=\count85
\c@figure=\count86
\c@table=\count87
\abovecaptionskip=\skip41
\belowcaptionskip=\skip42
\bibindent=\dimen102
)
(/usr/share/texlive/texmf-dist/tex/latex/tools/verbatim.sty
Package: verbatim 2014/10/28 v1.5q LaTeX2e package for verbatim enhancements
\every@verbatim=\toks14
\verbatim@line=\toks15
\verbatim@in@stream=\read1
)
(/usr/share/texlive/texmf-dist/tex/latex/listings/listings.sty
(/usr/share/texlive/texmf-dist/tex/latex/graphics/keyval.sty
Package: keyval 2014/10/28 v1.15 key=value parser (DPC)
\KV@toks@=\toks16
)
\lst@mode=\count88
\lst@gtempboxa=\box26
\lst@token=\toks17
\lst@length=\count89
\lst@currlwidth=\dimen103
\lst@column=\count90
\lst@pos=\count91
\lst@lostspace=\dimen104
\lst@width=\dimen105
\lst@newlines=\count92
\lst@lineno=\count93
\lst@maxwidth=\dimen106

(/usr/share/texlive/texmf-dist/tex/latex/listings/lstmisc.sty
File: lstmisc.sty 2015/06/04 1.6 (Carsten Heinz)
\c@lstnumber=\count94
\lst@skipnumbers=\count95
\lst@framebox=\box27
)
(/usr/share/texlive/texmf-dist/tex/latex/listings/listings.cfg
File: listings.cfg 2015/06/04 1.6 listings configuration
))
Package: listings 2015/06/04 1.6 (Carsten Heinz)

(/usr/share/texlive/texmf-dist/tex/latex/geometry/geometry.sty
Package: geometry 2010/09/12 v5.6 Page Geometry

(/usr/share/texlive/texmf-dist/tex/generic/oberdiek/ifpdf.sty
Package: ifpdf 2017/03/15 v3.2 Provides the ifpdf switch
)
(/usr/share/texlive/texmf-dist/tex/generic/oberdiek/ifvtex.sty
Package: ifvtex 2016/05/16 v1.6 Detect VTeX and its facilities (HO)
Package ifvtex Info: VTeX not detected.
)
(/usr/share/texlive/texmf-dist/tex/generic/ifxetex/ifxetex.sty
Package: ifxetex 2010/09/12 v0.6 Provides ifxetex conditional
)
\Gm@cnth=\count96
\Gm@cntv=\count97
\c@Gm@tempcnt=\count98
\Gm@bindingoffset=\dimen107
\Gm@wd@mp=\dimen108
\Gm@odd@mp=\dimen109
\Gm@even@mp=\dimen110
\Gm@layoutwidth=\dimen111
\Gm@layoutheight=\dimen112
\Gm@layouthoffset=\dimen113
\Gm@layoutvoffset=\dimen114
\Gm@dimlist=\toks18
)
(/usr/share/texlive/texmf-dist/tex/latex/graphics/graphicx.sty
Package: graphicx 2017/06/01 v1.1a Enhanced LaTeX Graphics (DPC,SPQR)

(/usr/share/texlive/texmf-dist/tex/latex/graphics/graphics.sty
Package: graphics 2017/06/25 v1.2c Standard LaTeX Graphics (DPC,SPQR)

(/usr/share/texlive/texmf-dist/tex/latex/graphics/trig.sty
Package: trig 2016/01/03 v1.10 sin cos tan (DPC)
)
(/usr/share/texlive/texmf-dist/tex/latex/graphics-cfg/graphics.cfg
File: graphics.cfg 2016/06/04 v1.11 sample graphics configuration
)
Package graphics Info: Driver file: pdftex.def on input line 99.

(/usr/share/texlive/texmf-dist/tex/latex/graphics-def/pdftex.def
File: pdftex.def 2018/01/08 v1.0l Graphics/color driver for pdftex
))
\Gin@req@height=\dimen115
\Gin@req@width=\dimen116
) (./warm.aux)
\openout1 = `warm.aux'.

LaTeX Font Info:    Checking defaults for OML/cmm/m/it on input line 8.
LaTeX Font Info:    ... okay on input line 8.
LaTeX Font Info:    Checking defaults for T1/cmr/m/n on input line 8.
LaTeX Font Info:    ... okay on input line 8.
LaTeX Font Info:    Checking defaults for OT1/cmr/m/n on input line 8.
LaTeX Font Info:    ... okay on input line 8.
LaTeX Font Info:    Checking defaults for OMS/cmsy/m/n on input line 8.
LaTeX Font Info:    ... okay on input line 8.
LaTeX Font Info:    Checking defaults for OMX/cmex/m/n on input line 8.
LaTeX Font Info:    ... okay on input line 8.
LaTeX Font Info:    Checking defaults for U/cmr/m/n on input line 8.
LaTeX Font Info:    ... okay on input line 8.
\c@lstlisting=\count99

*geometry* driver: auto-detecting
*geometry* detected driver: pdftex
*geometry* verbose mode - [ preamble ] result:
* driver: pdftex
* paper: <default>
* layout: <same size as paper>
* layoutoffset:(h,v)=(0.0pt,0.0pt)
* modes: 
* h-part:(L,W,R)=(56.9055pt, 500.484pt, 56.9055pt)
* v-part:(T,H,B)=(56.9055pt, 681.15898pt, 56.9055pt)
* \paperwidth=614.295pt
* \paperheight=794.96999pt
* \textwidth=500.484pt
* \textheight=681.15898pt
* \oddsidemargin=-15.36449pt
* \evensidemargin=-15.36449pt
* \topmargin=-52.36449pt
* \headheight=12.0pt
* \headsep=25.0pt
* \topskip=10.0pt
* \footskip=30.0pt
* \marginparwidth=65.0pt
* \marginparsep=11.0pt
* \columnsep=10.0pt
* \skip\footins=9.0pt plus 4.0pt minus 2.0pt
* \hoffset=0.0pt
* \voffset=0.0pt
* \mag=1000
* \@twocolumnfalse
* \@twosidefalse
* \@mparswitchfalse
* \@reversemarginfalse
* (1in=72.27pt=25.4mm, 1cm=28.453pt)

(/usr/share/texlive/texmf-dist/tex/context/base/mkii/supp-pdf.mkii
[Loading MPS to PDF converter (version 2006.09.02).]
\scratchcounter=\count100
\scratchdimen=\dimen117
\scratchbox=\box28
\nofMPsegments=\count101
\nofMParguments=\count102
\everyMPshowfont=\toks19
\MPscratchCnt=\count103
\MPscratchDim=\dimen118
\MPnumerator=\count104
\makeMPintoPDFobject=\count105
\everyMPtoPDFconversion=\toks20
) (/usr/share/texlive/texmf-dist/tex/latex/oberdiek/epstopdf-base.sty
Package: epstopdf-base 2016/05/15 v2.6 Base part for package epstopdf

(/usr/share/texlive/texmf-dist/tex/generic/oberdiek/infwarerr.sty
Package: infwarerr 2016/05/16 v1.4 Providing info/warning/error messages (HO)
)
(/usr/share/texlive/texmf-dist/tex/latex/oberdiek/grfext.sty
Package: grfext 2016/05/16 v1.2 Manage graphics extensions (HO)

(/usr/share/texlive/texmf-dist/tex/generic/oberdiek/kvdefinekeys.sty
Package: kvdefinekeys 2016/05/16 v1.4 Define keys (HO)

(/usr/share/texlive/texmf-dist/tex/generic/oberdiek/ltxcmds.sty
Package: ltxcmds 2016/05/16 v1.23 LaTeX kernel commands for general use (HO)
)))
(/usr/share/texlive/texmf-dist/tex/latex/oberdiek/kvoptions.sty
Package: kvoptions 2016/05/16 v3.12 Key value format for package options (HO)

(/usr/share/texlive/texmf-dist/tex/generic/oberdiek/kvsetkeys.sty
Package: kvsetkeys 2016/05/16 v1.17 Key value parser (HO)

(/usr/share/texlive/texmf-dist/tex/generic/oberdiek/etexcmds.sty
Package: etexcmds 2016/05/16 v1.6 Avoid name clashes with e-TeX commands (HO)

(/usr/share/texlive/texmf-dist/tex/generic/oberdiek/ifluatex.sty
Package: ifluatex 2016/05/16 v1.4 Provides the ifluatex switch (HO)
Package ifluatex Info: LuaTeX not detected.
)
Package etexcmds Info: Could not find \expanded.
(etexcmds)             That can mean that you are not using pdfTeX 1.50 or
(etexcmds)             that some package has redefined \expanded.
(etexcmds)             In the latter case, load this package earlier.
)))
(/usr/share/texlive/texmf-dist/tex/generic/oberdiek/pdftexcmds.sty
Package: pdftexcmds 2018/01/21 v0.26 Utility functions of pdfTeX for LuaTeX (HO
)
Package pdftexcmds Info: LuaTeX not detected.
Package pdftexcmds Info: \pdf@primitive is available.
Package pdftexcmds Info: \pdf@ifprimitive is available.
Package pdftexcmds Info: \pdfdraftmode found.
)
Package epstopdf-base Info: Redefining graphics rule for `.eps' on input line 4
38.
Package grfext Info: Graphics extension search list:
(grfext)             [.pdf,.png,.jpg,.mps,.jpeg,.jbig2,.jb2,.PDF,.PNG,.JPG,.JPE
G,.JBIG2,.JB2,.eps]
(grfext)             \AppendGraphicsExtensions on input line 456.

(/usr/share/texlive/texmf-dist/tex/latex/latexconfig/epstopdf-sys.cfg
File: epstopdf-sys.cfg 2010/07/13 v1.3 Configuration of (r)epstopdf for TeX Liv
e
))
LaTeX Font Info:    External font `cmex10' loaded for size
(Font)              <9> on input line 14.
LaTeX Font Info:    External font `cmex10' loaded for size
(Font)              <6> on input line 14.
LaTeX Font Info:    External font `cmex10' loaded for size
(Font)              <5> on input line 14.
<figures/7eff93fb-194e-4858-a34b-9d09b4629c83_00000_energies.png, id=1, 462.528
pt x 346.896pt>
File: figures/7eff93fb-194e-4858-a34b-9d09b4629c83_00000_energies.png Graphic f
ile (type png)
<use figures/7eff93fb-194e-4858-a34b-9d09b4629c83_00000_energies.png>
Package pdftex.def Info: figures/7eff93fb-194e-4858-a34b-9d09b4629c83_00000_ene
rgies.png  used on input line 15.
(pdftex.def)             Requested size: 160.15854pt x 120.11858pt.
<figures/7eff93fb-194e-4858-a34b-9d09b4629c83_00000_initial_curves.png, id=3, 4
62.528pt x 346.896pt>
File: figures/7eff93fb-194e-4858-a34b-9d09b4629c83_00000_initial_curves.png Gra
phic file (type png)
<use figures/7eff93fb-194e-4858-a34b-9d09b4629c83_00000_initial_curves.png>
Package pdftex.def Info: figures/7eff93fb-194e-4858-a34b-9d09b4629c83_00000_ini
tial_curves.png  used on input line 17.
(pdftex.def)             Requested size: 160.15854pt x 120.11858pt.
<figures/7eff93fb-194e-4858-a34b-9d09b4629c83_00000_estimated_curves.png, id=4,
 462.528pt x 346.896pt>
File: figures/7eff93fb-194e-4858-a34b-9d09b4629c83_00000_estimated_curves.png G
raphic file (type png)
<use figures/7eff93fb-194e-4858-a34b-9d09b4629c83_00000_estimated_curves.png>
Package pdftex.def Info: figures/7eff93fb-194e-4858-a34b-9d09b4629c83_00000_est
imated_curves.png  used on input line 19.
(pdftex.def)             Requested size: 160.15854pt x 120.11858pt.

Overfull \hbox (15.99162pt too wide) in paragraph at lines 14--31
[]
 []

<figures/7eff93fb-194e-4858-a34b-9d09b4629c83_00001_energies.png, id=5, 462.528
pt x 346.896pt>
File: figures/7eff93fb-194e-4858-a34b-9d09b4629c83_00001_energies.png Graphic f
ile (type png)
<use figures/7eff93fb-194e-4858-a34b-9d09b4629c83_00001_energies.png>
Package pdftex.def Info: figures/7eff93fb-194e-4858-a34b-9d09b4629c83_00001_ene
rgies.png  used on input line 37.
(pdftex.def)             Requested size: 160.15854pt x 120.11858pt.
<figures/7eff93fb-194e-4858-a34b-9d09b4629c83_00001_initial_curves.png, id=6, 4
62.528pt x 346.896pt>
File: figures/7eff93fb-194e-4858-a34b-9d09b4629c83_00001_initial_curves.png Gra
phic file (type png)
<use figures/7eff93fb-194e-4858-a34b-9d09b4629c83_00001_initial_curves.png>
Package pdftex.def Info: figures/7eff93fb-194e-4858-a34b-9d09b4629c83_00001_ini
tial_curves.png  used on input line 39.
(pdftex.def)             Requested size: 160.15854pt x 120.11858pt.
<figures/7eff93fb-194e-4858-a34b-9d09b4629c83_00001_estimated_curves.png, id=7,
 462.528pt x 346.896pt>
File: figures/7eff93fb-194e-4858-a34b-9d09b4629c83_00001_estimated_curves.png G
raphic file (type png)
<use figures/7eff93fb-194e-4858-a34b-9d09b4629c83_00001_estimated_curves.png>
Package pdftex.def Info: figures/7eff93fb-194e-4858-a34b-9d09b4629c83_00001_est
imated_curves.png  used on input line 41.
(pdftex.def)             Requested size: 160.15854pt x 120.11858pt.

Overfull \hbox (15.99162pt too wide) in paragraph at lines 36--53
[]
 []

<figures/7eff93fb-194e-4858-a34b-9d09b4629c83_00002_energies.png, id=8, 462.528
pt x 346.896pt>
File: figures/7eff93fb-194e-4858-a34b-9d09b4629c83_00002_energies.png Graphic f
ile (type png)
<use figures/7eff93fb-194e-4858-a34b-9d09b4629c83_00002_energies.png>
Package pdftex.def Info: figures/7eff93fb-194e-4858-a34b-9d09b4629c83_00002_ene
rgies.png  used on input line 59.
(pdftex.def)             Requested size: 160.15854pt x 120.11858pt.
<figures/7eff93fb-194e-4858-a34b-9d09b4629c83_00002_initial_curves.png, id=9, 4
62.528pt x 346.896pt>
File: figures/7eff93fb-194e-4858-a34b-9d09b4629c83_00002_initial_curves.png Gra
phic file (type png)
<use figures/7eff93fb-194e-4858-a34b-9d09b4629c83_00002_initial_curves.png>
Package pdftex.def Info: figures/7eff93fb-194e-4858-a34b-9d09b4629c83_00002_ini
tial_curves.png  used on input line 61.
(pdftex.def)             Requested size: 160.15854pt x 120.11858pt.
<figures/7eff93fb-194e-4858-a34b-9d09b4629c83_00002_estimated_curves.png, id=10
, 462.528pt x 346.896pt>
File: figures/7eff93fb-194e-4858-a34b-9d09b4629c83_00002_estimated_curves.png G
raphic file (type png)
<use figures/7eff93fb-194e-4858-a34b-9d09b4629c83_00002_estimated_curves.png>
Package pdftex.def Info: figures/7eff93fb-194e-4858-a34b-9d09b4629c83_00002_est
imated_curves.png  used on input line 63.
(pdftex.def)             Requested size: 160.15854pt x 120.11858pt.

Overfull \hbox (15.99162pt too wide) in paragraph at lines 58--75
[]
 []

<figures/7eff93fb-194e-4858-a34b-9d09b4629c83_00003_energies.png, id=11, 462.52
8pt x 346.896pt>
File: figures/7eff93fb-194e-4858-a34b-9d09b4629c83_00003_energies.png Graphic f
ile (type png)
<use figures/7eff93fb-194e-4858-a34b-9d09b4629c83_00003_energies.png>
Package pdftex.def Info: figures/7eff93fb-194e-4858-a34b-9d09b4629c83_00003_ene
rgies.png  used on input line 81.
(pdftex.def)             Requested size: 160.15854pt x 120.11858pt.
<figures/7eff93fb-194e-4858-a34b-9d09b4629c83_00003_initial_curves.png, id=12, 
462.528pt x 346.896pt>
File: figures/7eff93fb-194e-4858-a34b-9d09b4629c83_00003_initial_curves.png Gra
phic file (type png)
<use figures/7eff93fb-194e-4858-a34b-9d09b4629c83_00003_initial_curves.png>
Package pdftex.def Info: figures/7eff93fb-194e-4858-a34b-9d09b4629c83_00003_ini
tial_curves.png  used on input line 83.
(pdftex.def)             Requested size: 160.15854pt x 120.11858pt.
<figures/7eff93fb-194e-4858-a34b-9d09b4629c83_00003_estimated_curves.png, id=13
, 462.528pt x 346.896pt>
File: figures/7eff93fb-194e-4858-a34b-9d09b4629c83_00003_estimated_curves.png G
raphic file (type png)
<use figures/7eff93fb-194e-4858-a34b-9d09b4629c83_00003_estimated_curves.png>
Package pdftex.def Info: figures/7eff93fb-194e-4858-a34b-9d09b4629c83_00003_est
imated_curves.png  used on input line 85.
(pdftex.def)             Requested size: 160.15854pt x 120.11858pt.

Overfull \hbox (15.99162pt too wide) in paragraph at lines 80--97
[]
 []

[1

{/var/lib/texmf/fonts/map/pdftex/updmap/pdftex.map} <./figures/7eff93fb-194e-48
58-a34b-9d09b4629c83_00000_energies.png> <./figures/7eff93fb-194e-4858-a34b-9d0
9b4629c83_00000_initial_curves.png> <./figures/7eff93fb-194e-4858-a34b-9d09b462
9c83_00000_estimated_curves.png> <./figures/7eff93fb-194e-4858-a34b-9d09b4629c8
3_00001_energies.png> <./figures/7eff93fb-194e-4858-a34b-9d09b4629c83_00001_ini
tial_curves.png> <./figures/7eff93fb-194e-4858-a34b-9d09b4629c83_00001_estimate
d_curves.png> <./figures/7eff93fb-194e-4858-a34b-9d09b4629c83_00002_energies.pn
g> <./figures/7eff93fb-194e-4858-a34b-9d09b4629c83_00002_initial_curves.png> <.
/figures/7eff93fb-194e-4858-a34b-9d09b4629c83_00002_estimated_curves.png>]
<figures/7eff93fb-194e-4858-a34b-9d09b4629c83_00004_energies.png, id=31, 462.52
8pt x 346.896pt>
File: figures/7eff93fb-194e-4858-a34b-9d09b4629c83_00004_energies.png Graphic f
ile (type png)
<use figures/7eff93fb-194e-4858-a34b-9d09b4629c83_00004_energies.png>
Package pdftex.def Info: figures/7eff93fb-194e-4858-a34b-9d09b4629c83_00004_ene
rgies.png  used on input line 103.
(pdftex.def)             Requested size: 160.15854pt x 120.11858pt.
<figures/7eff93fb-194e-4858-a34b-9d09b4629c83_00004_initial_curves.png, id=32, 
462.528pt x 346.896pt>
File: figures/7eff93fb-194e-4858-a34b-9d09b4629c83_00004_initial_curves.png Gra
phic file (type png)
<use figures/7eff93fb-194e-4858-a34b-9d09b4629c83_00004_initial_curves.png>
Package pdftex.def Info: figures/7eff93fb-194e-4858-a34b-9d09b4629c83_00004_ini
tial_curves.png  used on input line 105.
(pdftex.def)             Requested size: 160.15854pt x 120.11858pt.
<figures/7eff93fb-194e-4858-a34b-9d09b4629c83_00004_estimated_curves.png, id=33
, 462.528pt x 346.896pt>
File: figures/7eff93fb-194e-4858-a34b-9d09b4629c83_00004_estimated_curves.png G
raphic file (type png)
<use figures/7eff93fb-194e-4858-a34b-9d09b4629c83_00004_estimated_curves.png>
Package pdftex.def Info: figures/7eff93fb-194e-4858-a34b-9d09b4629c83_00004_est
imated_curves.png  used on input line 107.
(pdftex.def)             Requested size: 160.15854pt x 120.11858pt.

Overfull \hbox (15.99162pt too wide) in paragraph at lines 102--119
[]
 []

<figures/7eff93fb-194e-4858-a34b-9d09b4629c83_00005_energies.png, id=34, 462.52
8pt x 346.896pt>
File: figures/7eff93fb-194e-4858-a34b-9d09b4629c83_00005_energies.png Graphic f
ile (type png)
<use figures/7eff93fb-194e-4858-a34b-9d09b4629c83_00005_energies.png>
Package pdftex.def Info: figures/7eff93fb-194e-4858-a34b-9d09b4629c83_00005_ene
rgies.png  used on input line 125.
(pdftex.def)             Requested size: 160.15854pt x 120.11858pt.
<figures/7eff93fb-194e-4858-a34b-9d09b4629c83_00005_initial_curves.png, id=35, 
462.528pt x 346.896pt>
File: figures/7eff93fb-194e-4858-a34b-9d09b4629c83_00005_initial_curves.png Gra
phic file (type png)
<use figures/7eff93fb-194e-4858-a34b-9d09b4629c83_00005_initial_curves.png>
Package pdftex.def Info: figures/7eff93fb-194e-4858-a34b-9d09b4629c83_00005_ini
tial_curves.png  used on input line 127.
(pdftex.def)             Requested size: 160.15854pt x 120.11858pt.
<figures/7eff93fb-194e-4858-a34b-9d09b4629c83_00005_estimated_curves.png, id=36
, 462.528pt x 346.896pt>
File: figures/7eff93fb-194e-4858-a34b-9d09b4629c83_00005_estimated_curves.png G
raphic file (type png)
<use figures/7eff93fb-194e-4858-a34b-9d09b4629c83_00005_estimated_curves.png>
Package pdftex.def Info: figures/7eff93fb-194e-4858-a34b-9d09b4629c83_00005_est
imated_curves.png  used on input line 129.
(pdftex.def)             Requested size: 160.15854pt x 120.11858pt.

Overfull \hbox (15.99162pt too wide) in paragraph at lines 124--141
[]
 []

<figures/7eff93fb-194e-4858-a34b-9d09b4629c83_00006_energies.png, id=37, 462.52
8pt x 346.896pt>
File: figures/7eff93fb-194e-4858-a34b-9d09b4629c83_00006_energies.png Graphic f
ile (type png)
<use figures/7eff93fb-194e-4858-a34b-9d09b4629c83_00006_energies.png>
Package pdftex.def Info: figures/7eff93fb-194e-4858-a34b-9d09b4629c83_00006_ene
rgies.png  used on input line 147.
(pdftex.def)             Requested size: 160.15854pt x 120.11858pt.
<figures/7eff93fb-194e-4858-a34b-9d09b4629c83_00006_initial_curves.png, id=38, 
462.528pt x 346.896pt>
File: figures/7eff93fb-194e-4858-a34b-9d09b4629c83_00006_initial_curves.png Gra
phic file (type png)
<use figures/7eff93fb-194e-4858-a34b-9d09b4629c83_00006_initial_curves.png>
Package pdftex.def Info: figures/7eff93fb-194e-4858-a34b-9d09b4629c83_00006_ini
tial_curves.png  used on input line 149.
(pdftex.def)             Requested size: 160.15854pt x 120.11858pt.
<figures/7eff93fb-194e-4858-a34b-9d09b4629c83_00006_estimated_curves.png, id=39
, 462.528pt x 346.896pt>
File: figures/7eff93fb-194e-4858-a34b-9d09b4629c83_00006_estimated_curves.png G
raphic file (type png)
<use figures/7eff93fb-194e-4858-a34b-9d09b4629c83_00006_estimated_curves.png>
Package pdftex.def Info: figures/7eff93fb-194e-4858-a34b-9d09b4629c83_00006_est
imated_curves.png  used on input line 151.
(pdftex.def)             Requested size: 160.15854pt x 120.11858pt.

Overfull \hbox (15.99162pt too wide) in paragraph at lines 146--163
[]
 []

[2 <./figures/7eff93fb-194e-4858-a34b-9d09b4629c83_00003_energies.png> <./figur
es/7eff93fb-194e-4858-a34b-9d09b4629c83_00003_initial_curves.png> <./figures/7e
ff93fb-194e-4858-a34b-9d09b4629c83_00003_estimated_curves.png> <./figures/7eff9
3fb-194e-4858-a34b-9d09b4629c83_00004_energies.png> <./figures/7eff93fb-194e-48
58-a34b-9d09b4629c83_00004_initial_curves.png> <./figures/7eff93fb-194e-4858-a3
4b-9d09b4629c83_00004_estimated_curves.png> <./figures/7eff93fb-194e-4858-a34b-
9d09b4629c83_00005_energies.png> <./figures/7eff93fb-194e-4858-a34b-9d09b4629c8
3_00005_initial_curves.png> <./figures/7eff93fb-194e-4858-a34b-9d09b4629c83_000
05_estimated_curves.png>]
<figures/7eff93fb-194e-4858-a34b-9d09b4629c83_00007_energies.png, id=52, 462.52
8pt x 346.896pt>
File: figures/7eff93fb-194e-4858-a34b-9d09b4629c83_00007_energies.png Graphic f
ile (type png)
<use figures/7eff93fb-194e-4858-a34b-9d09b4629c83_00007_energies.png>
Package pdftex.def Info: figures/7eff93fb-194e-4858-a34b-9d09b4629c83_00007_ene
rgies.png  used on input line 169.
(pdftex.def)             Requested size: 160.15854pt x 120.11858pt.
<figures/7eff93fb-194e-4858-a34b-9d09b4629c83_00007_initial_curves.png, id=53, 
462.528pt x 346.896pt>
File: figures/7eff93fb-194e-4858-a34b-9d09b4629c83_00007_initial_curves.png Gra
phic file (type png)
<use figures/7eff93fb-194e-4858-a34b-9d09b4629c83_00007_initial_curves.png>
Package pdftex.def Info: figures/7eff93fb-194e-4858-a34b-9d09b4629c83_00007_ini
tial_curves.png  used on input line 171.
(pdftex.def)             Requested size: 160.15854pt x 120.11858pt.
<figures/7eff93fb-194e-4858-a34b-9d09b4629c83_00007_estimated_curves.png, id=54
, 462.528pt x 346.896pt>
File: figures/7eff93fb-194e-4858-a34b-9d09b4629c83_00007_estimated_curves.png G
raphic file (type png)
<use figures/7eff93fb-194e-4858-a34b-9d09b4629c83_00007_estimated_curves.png>
Package pdftex.def Info: figures/7eff93fb-194e-4858-a34b-9d09b4629c83_00007_est
imated_curves.png  used on input line 173.
(pdftex.def)             Requested size: 160.15854pt x 120.11858pt.

Overfull \hbox (15.99162pt too wide) in paragraph at lines 168--185
[]
 []

<figures/7eff93fb-194e-4858-a34b-9d09b4629c83_00008_energies.png, id=55, 462.52
8pt x 346.896pt>
File: figures/7eff93fb-194e-4858-a34b-9d09b4629c83_00008_energies.png Graphic f
ile (type png)
<use figures/7eff93fb-194e-4858-a34b-9d09b4629c83_00008_energies.png>
Package pdftex.def Info: figures/7eff93fb-194e-4858-a34b-9d09b4629c83_00008_ene
rgies.png  used on input line 191.
(pdftex.def)             Requested size: 160.15854pt x 120.11858pt.
<figures/7eff93fb-194e-4858-a34b-9d09b4629c83_00008_initial_curves.png, id=56, 
462.528pt x 346.896pt>
File: figures/7eff93fb-194e-4858-a34b-9d09b4629c83_00008_initial_curves.png Gra
phic file (type png)
<use figures/7eff93fb-194e-4858-a34b-9d09b4629c83_00008_initial_curves.png>
Package pdftex.def Info: figures/7eff93fb-194e-4858-a34b-9d09b4629c83_00008_ini
tial_curves.png  used on input line 193.
(pdftex.def)             Requested size: 160.15854pt x 120.11858pt.
<figures/7eff93fb-194e-4858-a34b-9d09b4629c83_00008_estimated_curves.png, id=57
, 462.528pt x 346.896pt>
File: figures/7eff93fb-194e-4858-a34b-9d09b4629c83_00008_estimated_curves.png G
raphic file (type png)
<use figures/7eff93fb-194e-4858-a34b-9d09b4629c83_00008_estimated_curves.png>
Package pdftex.def Info: figures/7eff93fb-194e-4858-a34b-9d09b4629c83_00008_est
imated_curves.png  used on input line 195.
(pdftex.def)             Requested size: 160.15854pt x 120.11858pt.

Overfull \hbox (15.99162pt too wide) in paragraph at lines 190--207
[]
 []

<figures/7eff93fb-194e-4858-a34b-9d09b4629c83_00009_energies.png, id=58, 462.52
8pt x 346.896pt>
File: figures/7eff93fb-194e-4858-a34b-9d09b4629c83_00009_energies.png Graphic f
ile (type png)
<use figures/7eff93fb-194e-4858-a34b-9d09b4629c83_00009_energies.png>
Package pdftex.def Info: figures/7eff93fb-194e-4858-a34b-9d09b4629c83_00009_ene
rgies.png  used on input line 213.
(pdftex.def)             Requested size: 160.15854pt x 120.11858pt.
<figures/7eff93fb-194e-4858-a34b-9d09b4629c83_00009_initial_curves.png, id=59, 
462.528pt x 346.896pt>
File: figures/7eff93fb-194e-4858-a34b-9d09b4629c83_00009_initial_curves.png Gra
phic file (type png)
<use figures/7eff93fb-194e-4858-a34b-9d09b4629c83_00009_initial_curves.png>
Package pdftex.def Info: figures/7eff93fb-194e-4858-a34b-9d09b4629c83_00009_ini
tial_curves.png  used on input line 215.
(pdftex.def)             Requested size: 160.15854pt x 120.11858pt.
<figures/7eff93fb-194e-4858-a34b-9d09b4629c83_00009_estimated_curves.png, id=60
, 462.528pt x 346.896pt>
File: figures/7eff93fb-194e-4858-a34b-9d09b4629c83_00009_estimated_curves.png G
raphic file (type png)
<use figures/7eff93fb-194e-4858-a34b-9d09b4629c83_00009_estimated_curves.png>
Package pdftex.def Info: figures/7eff93fb-194e-4858-a34b-9d09b4629c83_00009_est
imated_curves.png  used on input line 217.
(pdftex.def)             Requested size: 160.15854pt x 120.11858pt.

Overfull \hbox (15.99162pt too wide) in paragraph at lines 212--229
[]
 []

[3 <./figures/7eff93fb-194e-4858-a34b-9d09b4629c83_00006_energies.png> <./figur
es/7eff93fb-194e-4858-a34b-9d09b4629c83_00006_initial_curves.png> <./figures/7e
ff93fb-194e-4858-a34b-9d09b4629c83_00006_estimated_curves.png> <./figures/7eff9
3fb-194e-4858-a34b-9d09b4629c83_00007_energies.png> <./figures/7eff93fb-194e-48
58-a34b-9d09b4629c83_00007_initial_curves.png> <./figures/7eff93fb-194e-4858-a3
4b-9d09b4629c83_00007_estimated_curves.png> <./figures/7eff93fb-194e-4858-a34b-
9d09b4629c83_00008_energies.png> <./figures/7eff93fb-194e-4858-a34b-9d09b4629c8
3_00008_initial_curves.png> <./figures/7eff93fb-194e-4858-a34b-9d09b4629c83_000
08_estimated_curves.png>]
<figures/7eff93fb-194e-4858-a34b-9d09b4629c83_00010_energies.png, id=73, 462.52
8pt x 346.896pt>
File: figures/7eff93fb-194e-4858-a34b-9d09b4629c83_00010_energies.png Graphic f
ile (type png)
<use figures/7eff93fb-194e-4858-a34b-9d09b4629c83_00010_energies.png>
Package pdftex.def Info: figures/7eff93fb-194e-4858-a34b-9d09b4629c83_00010_ene
rgies.png  used on input line 235.
(pdftex.def)             Requested size: 160.15854pt x 120.11858pt.
<figures/7eff93fb-194e-4858-a34b-9d09b4629c83_00010_initial_curves.png, id=74, 
462.528pt x 346.896pt>
File: figures/7eff93fb-194e-4858-a34b-9d09b4629c83_00010_initial_curves.png Gra
phic file (type png)
<use figures/7eff93fb-194e-4858-a34b-9d09b4629c83_00010_initial_curves.png>
Package pdftex.def Info: figures/7eff93fb-194e-4858-a34b-9d09b4629c83_00010_ini
tial_curves.png  used on input line 237.
(pdftex.def)             Requested size: 160.15854pt x 120.11858pt.
<figures/7eff93fb-194e-4858-a34b-9d09b4629c83_00010_estimated_curves.png, id=75
, 462.528pt x 346.896pt>
File: figures/7eff93fb-194e-4858-a34b-9d09b4629c83_00010_estimated_curves.png G
raphic file (type png)
<use figures/7eff93fb-194e-4858-a34b-9d09b4629c83_00010_estimated_curves.png>
Package pdftex.def Info: figures/7eff93fb-194e-4858-a34b-9d09b4629c83_00010_est
imated_curves.png  used on input line 239.
(pdftex.def)             Requested size: 160.15854pt x 120.11858pt.

Overfull \hbox (15.99162pt too wide) in paragraph at lines 234--251
[]
 []

[4 <./figures/7eff93fb-194e-4858-a34b-9d09b4629c83_00009_energies.png> <./figur
es/7eff93fb-194e-4858-a34b-9d09b4629c83_00009_initial_curves.png> <./figures/7e
ff93fb-194e-4858-a34b-9d09b4629c83_00009_estimated_curves.png> <./figures/7eff9
3fb-194e-4858-a34b-9d09b4629c83_00010_energies.png> <./figures/7eff93fb-194e-48
58-a34b-9d09b4629c83_00010_initial_curves.png> <./figures/7eff93fb-194e-4858-a3
4b-9d09b4629c83_00010_estimated_curves.png>] (./warm.aux) ) 
Here is how much of TeX's memory you used:
 3301 strings out of 492982
 57125 string characters out of 6134896
 126769 words of memory out of 5000000
 6820 multiletter control sequences out of 15000+600000
 5630 words of font info for 21 fonts, out of 8000000 for 9000
 1141 hyphenation exceptions out of 8191
 41i,10n,32p,271b,863s stack positions out of 5000i,500n,10000p,200000b,80000s
</usr/share/texlive/
texmf-dist/fonts/type1/public/amsfonts/cm/cmr10.pfb></usr/share/texlive/texmf-d
ist/fonts/type1/public/amsfonts/cm/cmr9.pfb></usr/share/texlive/texmf-dist/font
s/type1/public/amsfonts/cm/cmtt9.pfb>
Output written on warm.pdf (4 pages, 811645 bytes).
PDF statistics:
 96 PDF objects out of 1000 (max. 8388607)
 20 compressed objects within 1 object stream
 0 named destinations out of 1000 (max. 500000)
 166 words of extra memory for PDF output out of 10000 (max. 10000000)

